0 info it worked if it ends with ok
1 verbose cli [ '/usr/bin/nodejs', '/usr/bin/npm', 'run', 'bff' ]
2 info using npm@3.10.10
3 info using node@v6.10.1
4 verbose run-script [ 'prebff', 'bff', 'postbff' ]
5 info lifecycle blogreact@1.0.0~prebff: blogreact@1.0.0
6 silly lifecycle blogreact@1.0.0~prebff: no script for prebff, continuing
7 info lifecycle blogreact@1.0.0~bff: blogreact@1.0.0
8 verbose lifecycle blogreact@1.0.0~bff: unsafe-perm in lifecycle true
9 verbose lifecycle blogreact@1.0.0~bff: PATH: /usr/lib/node_modules/npm/bin/node-gyp-bin:/home/hector/Platzi/react-blog/node_modules/.bin:/home/hector/bin:/home/hector/.local/bin:/usr/local/sbin:/usr/local/bin:/usr/sbin:/usr/bin:/sbin:/bin:/usr/games:/usr/local/games:/snap/bin:/usr/lib/jvm/java-8-oracle/bin:/usr/lib/jvm/java-8-oracle/db/bin:/usr/lib/jvm/java-8-oracle/jre/bin
10 verbose lifecycle blogreact@1.0.0~bff: CWD: /home/hector/Platzi/react-blog
11 silly lifecycle blogreact@1.0.0~bff: Args: [ '-c', 'node ./built/server/index.js' ]
12 silly lifecycle blogreact@1.0.0~bff: Returned: code: 1  signal: null
13 info lifecycle blogreact@1.0.0~bff: Failed to exec bff script
14 verbose stack Error: blogreact@1.0.0 bff: `node ./built/server/index.js`
14 verbose stack Exit status 1
14 verbose stack     at EventEmitter.<anonymous> (/usr/lib/node_modules/npm/lib/utils/lifecycle.js:255:16)
14 verbose stack     at emitTwo (events.js:106:13)
14 verbose stack     at EventEmitter.emit (events.js:191:7)
14 verbose stack     at ChildProcess.<anonymous> (/usr/lib/node_modules/npm/lib/utils/spawn.js:40:14)
14 verbose stack     at emitTwo (events.js:106:13)
14 verbose stack     at ChildProcess.emit (events.js:191:7)
14 verbose stack     at maybeClose (internal/child_process.js:886:16)
14 verbose stack     at Process.ChildProcess._handle.onexit (internal/child_process.js:226:5)
15 verbose pkgid blogreact@1.0.0
16 verbose cwd /home/hector/Platzi/react-blog
17 error Linux 4.8.0-41-generic
18 error argv "/usr/bin/nodejs" "/usr/bin/npm" "run" "bff"
19 error node v6.10.1
20 error npm  v3.10.10
21 error code ELIFECYCLE
22 error blogreact@1.0.0 bff: `node ./built/server/index.js`
22 error Exit status 1
23 error Failed at the blogreact@1.0.0 bff script 'node ./built/server/index.js'.
23 error Make sure you have the latest version of node.js and npm installed.
23 error If you do, this is most likely a problem with the blogreact package,
23 error not with npm itself.
23 error Tell the author that this fails on your system:
23 error     node ./built/server/index.js
23 error You can get information on how to open an issue for this project with:
23 error     npm bugs blogreact
23 error Or if that isn't available, you can get their info via:
23 error     npm owner ls blogreact
23 error There is likely additional logging output above.
24 verbose exit [ 1, true ]
